TN:
SF:script/UntrustedEscrow.s.sol
FN:7,UntrustedEscrowScript.setUp
FNDA:0,UntrustedEscrowScript.setUp
FN:9,UntrustedEscrowScript.run
FNDA:0,UntrustedEscrowScript.run
DA:10,0
FNF:2
FNH:0
LF:1
LH:0
BRF:0
BRH:0
end_of_record
TN:
SF:src/UntrustedEscrow.sol
FN:39,UntrustedEscrow.buyerDeposit
FNDA:0,UntrustedEscrow.buyerDeposit
DA:40,0
BRDA:40,0,0,-
BRDA:40,0,1,-
DA:41,0
BRDA:41,1,0,-
BRDA:41,1,1,-
DA:42,0
BRDA:42,2,0,-
BRDA:42,2,1,-
DA:45,0
DA:46,0
DA:47,0
DA:48,0
DA:50,0
DA:52,0
DA:53,0
DA:55,0
DA:57,0
FN:60,UntrustedEscrow.sellerWithdraw
FNDA:0,UntrustedEscrow.sellerWithdraw
DA:61,0
DA:62,0
BRDA:62,3,0,-
BRDA:62,3,1,-
DA:63,0
BRDA:63,4,0,-
BRDA:63,4,1,-
DA:65,0
DA:67,0
DA:69,0
FN:72,UntrustedEscrow.setPrice
FNDA:0,UntrustedEscrow.setPrice
DA:73,0
FNF:3
FNH:0
LF:19
LH:0
BRF:10
BRH:0
end_of_record
TN:
SF:test/UntrustedEscrow.t.sol
FN:10,UntrustedEscrowTest.setUp
FNDA:0,UntrustedEscrowTest.setUp
DA:11,0
FNF:1
FNH:0
LF:1
LH:0
BRF:0
BRH:0
end_of_record
